CRITICAL - 2023-06-13 12:54:55 --> Undefined variable $r
in APPPATH\Controllers\Register.php on line 29.
 1 APPPATH\Controllers\Register.php(29): CodeIgniter\Debug\Exceptions->errorHandler(2, 'Undefined variable $r', 'C:\\Users\\pasantedesarrollo\\proyectos\\actaComercio\\app\\Controllers\\Register.php', 29)
 2 SYSTEMPATH\CodeIgniter.php(934): App\Controllers\Register->do_register()
 3 SYSTEMPATH\CodeIgniter.php(499): CodeIgniter\CodeIgniter->runController(Object(App\Controllers\Register))
 4 SYSTEMPATH\CodeIgniter.php(368): CodeIgniter\CodeIgniter->handleRequest(null, Object(Config\Cache), false)
 5 FCPATH\index.php(67): CodeIgniter\CodeIgniter->run()
 6 SYSTEMPATH\Commands\Server\rewrite.php(47): require_once('C:\\Users\\pasantedesarrollo\\proyectos\\actaComercio\\public\\index.php')
CRITICAL - 2023-06-13 12:55:31 --> Undefined variable $r
in APPPATH\Controllers\Register.php on line 29.
 1 APPPATH\Controllers\Register.php(29): CodeIgniter\Debug\Exceptions->errorHandler(2, 'Undefined variable $r', 'C:\\Users\\pasantedesarrollo\\proyectos\\actaComercio\\app\\Controllers\\Register.php', 29)
 2 SYSTEMPATH\CodeIgniter.php(934): App\Controllers\Register->do_register()
 3 SYSTEMPATH\CodeIgniter.php(499): CodeIgniter\CodeIgniter->runController(Object(App\Controllers\Register))
 4 SYSTEMPATH\CodeIgniter.php(368): CodeIgniter\CodeIgniter->handleRequest(null, Object(Config\Cache), false)
 5 FCPATH\index.php(67): CodeIgniter\CodeIgniter->run()
 6 SYSTEMPATH\Commands\Server\rewrite.php(47): require_once('C:\\Users\\pasantedesarrollo\\proyectos\\actaComercio\\public\\index.php')
CRITICAL - 2023-06-13 12:57:02 --> Undefined variable $r
in APPPATH\Controllers\Register.php on line 30.
 1 APPPATH\Controllers\Register.php(30): CodeIgniter\Debug\Exceptions->errorHandler(2, 'Undefined variable $r', 'C:\\Users\\pasantedesarrollo\\proyectos\\actaComercio\\app\\Controllers\\Register.php', 30)
 2 SYSTEMPATH\CodeIgniter.php(934): App\Controllers\Register->do_register()
 3 SYSTEMPATH\CodeIgniter.php(499): CodeIgniter\CodeIgniter->runController(Object(App\Controllers\Register))
 4 SYSTEMPATH\CodeIgniter.php(368): CodeIgniter\CodeIgniter->handleRequest(null, Object(Config\Cache), false)
 5 FCPATH\index.php(67): CodeIgniter\CodeIgniter->run()
 6 SYSTEMPATH\Commands\Server\rewrite.php(47): require_once('C:\\Users\\pasantedesarrollo\\proyectos\\actaComercio\\public\\index.php')
CRITICAL - 2023-06-13 12:59:18 --> Attempt to read property "id" on null
in APPPATH\Controllers\Login.php on line 23.
 1 APPPATH\Controllers\Login.php(23): CodeIgniter\Debug\Exceptions->errorHandler(2, 'Attempt to read property "id" on null', 'C:\\Users\\pasantedesarrollo\\proyectos\\actaComercio\\app\\Controllers\\Login.php', 23)
 2 SYSTEMPATH\CodeIgniter.php(934): App\Controllers\Login->do_login()
 3 SYSTEMPATH\CodeIgniter.php(499): CodeIgniter\CodeIgniter->runController(Object(App\Controllers\Login))
 4 SYSTEMPATH\CodeIgniter.php(368): CodeIgniter\CodeIgniter->handleRequest(null, Object(Config\Cache), false)
 5 FCPATH\index.php(67): CodeIgniter\CodeIgniter->run()
 6 SYSTEMPATH\Commands\Server\rewrite.php(47): require_once('C:\\Users\\pasantedesarrollo\\proyectos\\actaComercio\\public\\index.php')
CRITICAL - 2023-06-13 13:00:12 --> Undefined variable $r
in APPPATH\Controllers\Register.php on line 30.
 1 APPPATH\Controllers\Register.php(30): CodeIgniter\Debug\Exceptions->errorHandler(2, 'Undefined variable $r', 'C:\\Users\\pasantedesarrollo\\proyectos\\actaComercio\\app\\Controllers\\Register.php', 30)
 2 SYSTEMPATH\CodeIgniter.php(934): App\Controllers\Register->do_register()
 3 SYSTEMPATH\CodeIgniter.php(499): CodeIgniter\CodeIgniter->runController(Object(App\Controllers\Register))
 4 SYSTEMPATH\CodeIgniter.php(368): CodeIgniter\CodeIgniter->handleRequest(null, Object(Config\Cache), false)
 5 FCPATH\index.php(67): CodeIgniter\CodeIgniter->run()
 6 SYSTEMPATH\Commands\Server\rewrite.php(47): require_once('C:\\Users\\pasantedesarrollo\\proyectos\\actaComercio\\public\\index.php')
CRITICAL - 2023-06-13 13:03:48 --> Undefined variable $r
in APPPATH\Controllers\Register.php on line 30.
 1 APPPATH\Controllers\Register.php(30): CodeIgniter\Debug\Exceptions->errorHandler(2, 'Undefined variable $r', 'C:\\Users\\pasantedesarrollo\\proyectos\\actaComercio\\app\\Controllers\\Register.php', 30)
 2 SYSTEMPATH\CodeIgniter.php(934): App\Controllers\Register->do_register()
 3 SYSTEMPATH\CodeIgniter.php(499): CodeIgniter\CodeIgniter->runController(Object(App\Controllers\Register))
 4 SYSTEMPATH\CodeIgniter.php(368): CodeIgniter\CodeIgniter->handleRequest(null, Object(Config\Cache), false)
 5 FCPATH\index.php(67): CodeIgniter\CodeIgniter->run()
 6 SYSTEMPATH\Commands\Server\rewrite.php(47): require_once('C:\\Users\\pasantedesarrollo\\proyectos\\actaComercio\\public\\index.php')
